<?xml version="1.0" encoding="UTF-8"?>
<!-- Generated by org.testng.reporters.JUnitXMLReporter -->
<testsuite ignored="2" hostname="LT-53JXL63" failures="0" tests="1" name="Default test" time="3.714" errors="0" timestamp="2022-04-18T09:14:14 IST">
  <testcase classname="main.DayTwoRestAssured" name="testExtract" time="3.642"/>
  <testcase classname="main.DayTwoRestAssured" name="authenticationMethod" time="0.0">
    <ignored/>
  </testcase> <!-- authenticationMethod -->
  <testcase classname="main.DayTwoRestAssured" name="graphQAExample" time="0.0">
    <ignored/>
  </testcase> <!-- graphQAExample -->
</testsuite> <!-- Default test -->
